<?xml version="1.0" encoding="UTF-8"?>
<!-- Generated by org.testng.reporters.JUnitReportReporter -->
<testsuite hostname="LAPTOP-22D0NS80" failures="0" tests="1" name="org.example.ModuleTwoA" time="12.284" errors="0" timestamp="2023-05-05T00:09:15 IST" skipped="0">
  <testcase classname="org.example.ModuleTwoA" name="PasteBin" time="12.284"/>
  <system-out/>
</testsuite> <!-- org.example.ModuleTwoA -->
